MPASM 5.87                       EXAMEN1.ASM   6-22-2023  19:05:15         PAGE  1


LOC  OBJECT CODE     LINE SOURCE TEXT
  VALUE

                      00001 
                      00002 ; PIC18F4455 Configuration Bit Settings
                      00003 
                      00004 ; Assembly source line config statements
                      00005 
                      00006 #include "p18f4455.inc"
                      00001         LIST
                      00002 
                      00003 ;==========================================================================
                      00004 ; Build date : Jan 06 2020
                      00005 ;  MPASM PIC18F4455 processor include
                      00006 ; 
                      00007 ;  (c) Copyright 1999-2020 Microchip Technology, All rights reserved
                      00008 ;==========================================================================
                      00009 
                      01744         LIST
                      00007 
                      00008 ; CONFIG1L
                      00009   CONFIG  PLLDIV = 1            ; PLL Prescaler Selection bits (No prescale (4 MHz oscillator input driv
                            es PLL directly))
                      00010   CONFIG  CPUDIV = OSC1_PLL2    ; System Clock Postscaler Selection bits ([Primary Oscillator Src: /1][9
                            6 MHz PLL Src: /2])
                      00011   CONFIG  USBDIV = 1            ; USB Clock Selection bit (used in Full-Speed USB mode only; UCFG:FSEN =
                             1) (USB clock source comes directly from the primary oscillator block with no postscale)
                      00012 
                      00013 ; CONFIG1H
                      00014   CONFIG  FOSC = INTOSCIO_EC    ; Oscillator Selection bits (Internal oscillator, port function on RA6, 
                            EC used by USB (INTIO))
                      00015   CONFIG  FCMEN = OFF           ; Fail-Safe Clock Monitor Enable bit (Fail-Safe Clock Monitor disabled)
                      00016   CONFIG  IESO = OFF            ; Internal/External Oscillator Switchover bit (Oscillator Switchover mod
                            e disabled)
                      00017 
                      00018 ; CONFIG2L
                      00019   CONFIG  PWRT = ON             ; Power-up Timer Enable bit (PWRT enabled)
                      00020   CONFIG  BOR = OFF             ; Brown-out Reset Enable bits (Brown-out Reset disabled in hardware and 
                            software)
                      00021   CONFIG  BORV = 3              ; Brown-out Reset Voltage bits (Minimum setting 2.05V)
                      00022   CONFIG  VREGEN = OFF          ; USB Voltage Regulator Enable bit (USB voltage regulator disabled)
                      00023 
                      00024 ; CONFIG2H
                      00025   CONFIG  WDT = OFF             ; Watchdog Timer Enable bit (WDT disabled (control is placed on the SWDT
                            EN bit))
                      00026   CONFIG  WDTPS = 32768         ; Watchdog Timer Postscale Select bits (1:32768)
                      00027 
                      00028 ; CONFIG3H
                      00029   CONFIG  CCP2MX = ON           ; CCP2 MUX bit (CCP2 input/output is multiplexed with RC1)
                      00030   CONFIG  PBADEN = OFF          ; PORTB A/D Enable bit (PORTB<4:0> pins are configured as digital I/O on
                             Reset)
                      00031   CONFIG  LPT1OSC = OFF         ; Low-Power Timer 1 Oscillator Enable bit (Timer1 configured for higher 
                            power operation)
                      00032   CONFIG  MCLRE = ON            ; MCLR Pin Enable bit (MCLR pin enabled; RE3 input pin disabled)
                      00033 
                      00034 ; CONFIG4L
MPASM 5.87                       EXAMEN1.ASM   6-22-2023  19:05:15         PAGE  2


LOC  OBJECT CODE     LINE SOURCE TEXT
  VALUE

                      00035   CONFIG  STVREN = ON           ; Stack Full/Underflow Reset Enable bit (Stack full/underflow will cause
                             Reset)
                      00036   CONFIG  LVP = OFF             ; Single-Supply ICSP Enable bit (Single-Supply ICSP disabled)
                      00037   CONFIG  ICPRT = OFF           ; Dedicated In-Circuit Debug/Programming Port (ICPORT) Enable bit (ICPOR
                            T disabled)
                      00038   CONFIG  XINST = OFF           ; Extended Instruction Set Enable bit (Instruction set extension and Ind
                            exed Addressing mode disabled (Legacy mode))
                      00039 
                      00040 ; CONFIG5L
                      00041   CONFIG  CP0 = OFF             ; Code Protection bit (Block 0 (000800-001FFFh) is not code-protected)
                      00042   CONFIG  CP1 = OFF             ; Code Protection bit (Block 1 (002000-003FFFh) is not code-protected)
                      00043   CONFIG  CP2 = OFF             ; Code Protection bit (Block 2 (004000-005FFFh) is not code-protected)
                      00044 
                      00045 ; CONFIG5H
                      00046   CONFIG  CPB = OFF             ; Boot Block Code Protection bit (Boot block (000000-0007FFh) is not cod
                            e-protected)
                      00047   CONFIG  CPD = OFF             ; Data EEPROM Code Protection bit (Data EEPROM is not code-protected)
                      00048 
                      00049 ; CONFIG6L
                      00050   CONFIG  WRT0 = OFF            ; Write Protection bit (Block 0 (000800-001FFFh) is not write-protected)
                      00051   CONFIG  WRT1 = OFF            ; Write Protection bit (Block 1 (002000-003FFFh) is not write-protected)
                      00052   CONFIG  WRT2 = OFF            ; Write Protection bit (Block 2 (004000-005FFFh) is not write-protected)
                      00053 
                      00054 ; CONFIG6H
                      00055   CONFIG  WRTC = OFF            ; Configuration Register Write Protection bit (Configuration registers (
                            300000-3000FFh) are not write-protected)
                      00056   CONFIG  WRTB = OFF            ; Boot Block Write Protection bit (Boot block (000000-0007FFh) is not wr
                            ite-protected)
                      00057   CONFIG  WRTD = OFF            ; Data EEPROM Write Protection bit (Data EEPROM is not write-protected)
                      00058 
                      00059 ; CONFIG7L
                      00060   CONFIG  EBTR0 = OFF           ; Table Read Protection bit (Block 0 (000800-001FFFh) is not protected f
                            rom table reads executed in other blocks)
                      00061   CONFIG  EBTR1 = OFF           ; Table Read Protection bit (Block 1 (002000-003FFFh) is not protected f
                            rom table reads executed in other blocks)
                      00062   CONFIG  EBTR2 = OFF           ; Table Read Protection bit (Block 2 (004000-005FFFh) is not protected f
                            rom table reads executed in other blocks)
                      00063 
                      00064 ; CONFIG7H
                      00065   CONFIG  EBTRB = OFF           ; Boot Block Table Read Protection bit (Boot block (000000-0007FFh) is n
                            ot protected from table reads executed in other blocks)
                      00066 
                      00067 
                      00068 
                      00069     
                      00070 #DEFINE SW      PORTA,1
                      00071 #DEFINE SW2     PORTA,0
                      00072 #DEFINE BOTON   PORTE,0
                      00073 #DEFINE BOTON2  PORTE,1
                      00074                 ;pGFEDCBA
                      00075 #DEFINE CERO   B'00111111'
                      00076 #DEFINE UNO    B'00000110'
                      00077 #DEFINE DOS    B'01011011'
MPASM 5.87                       EXAMEN1.ASM   6-22-2023  19:05:15         PAGE  3


LOC  OBJECT CODE     LINE SOURCE TEXT
  VALUE

                      00078 #DEFINE TRES   B'01001111'
                      00079 #DEFINE NADA   B'00000000'
                      00080 #DEFINE CUATRO B'01100110'
                      00081 #DEFINE CINCO  B'01101101'
                      00082 #DEFINE SEIS   B'01111101'
                      00083 #DEFINE SIETE  B'00000111'
                      00084 #DEFINE OCHO   B'01111111'
                      00085 #DEFINE NUEVE  B'01100111'
                      00086 #DEFINE A_      B'01110111'
                      00087 #DEFINE B_      B'01111100'
                      00088 #DEFINE C_      B'00111001'
                      00089 
                      00090 #DEFINE VERDE   B'00001000'
                      00091 #DEFINE ROJO    B'00000001'
                      00092 
                      00093 
                      00094     CBLOCK      .50
  00000032            00095     I
  00000033            00096     J  
                      00097     ENDC
                      00098     ORG .0
000000 EF?? F???      00099     GOTO SETIINGS
                      00100     
                      00101         ;------RETARDO---------
000004                00102 DELAY_10MS
000004 0E0A           00103     MOVLW   .10         ;1CM
000006 6E33           00104     MOVWF   J           ;1CM
000008 0000           00105     NOP 
00000A                00106 DELAY_1mS
00000A 0E51           00107     MOVLW   .81         ;M(1CM)
00000C 6E32           00108     MOVWF   I           ;M(1 CM)
00000E 0000           00109     NOP                 ;M(1CM)
000010                00110 AGAIN
000010 2E32           00111     DECFSZ  I           ;(1CM(K-1)+2CM)M
000012 D???           00112     BRA     AGAIN       ;(2CM(K-1))M
000014 2E33           00113     DECFSZ  J           ;(1CM(M-1)+2CM
000016 D???           00114     BRA     DELAY_1mS   ;(2CM(M-1))
000018 0012           00115     RETURN              ;2CM   
                      00116     ;------RETARDO---------
                      00117    
                      00118     ;------LED-----------
00001A                00119 LED_ROJO
00001A EC?? F???      00120     CALL DELAY_10MS
00001E EC?? F???      00121     CALL DELAY_10MS
000022 EC?? F???      00122     CALL DELAY_10MS
000026 EC?? F???      00123     CALL DELAY_10MS
00002A EC?? F???      00124     CALL DELAY_10MS
00002E 0E01           00125     MOVLW ROJO
000030 6E81           00126     MOVWF PORTB
000032 EC?? F???      00127     CALL DELAY_10MS
000036 EC?? F???      00128     CALL DELAY_10MS
00003A EC?? F???      00129     CALL DELAY_10MS
00003E EC?? F???      00130     CALL DELAY_10MS
MPASM 5.87                       EXAMEN1.ASM   6-22-2023  19:05:15         PAGE  4


LOC  OBJECT CODE     LINE SOURCE TEXT
  VALUE

000042 EC?? F???      00131     CALL DELAY_10MS
000046 0E00           00132     MOVLW NADA
000048 6E81           00133     MOVWF PORTB
00004A 0012           00134     RETURN
                      00135     ;----------------------   
                      00136 
                      00137     ;-------CONFI----------
00004C                00138 SETIINGS
00004C 6A84           00139     CLRF    PORTE
00004E 6896           00140     SETF    TRISE
000050 6A80           00141     CLRF    PORTA
000052 6892           00142     SETF    TRISA
000054 0E0F           00143     MOVLW   H'0F'
000056 6EC1           00144     MOVWF   ADCON1
000058 0E07           00145     MOVLW   .7
00005A 6EB4           00146     MOVWF   CMCON
00005C 6A93           00147     CLRF    TRISB
00005E 6A8A           00148     CLRF    LATB
000060 6A95           00149     CLRF    TRISD
000062 6A8C           00150     CLRF    LATD
                      00151     ;-------CONFI---------- 
                      00152 
000064                00153 MAIN
000064 0E00           00154     MOVLW   NADA
000066 6E8C           00155     MOVWF   LATD
000068 0E00           00156     MOVLW   NADA
00006A 6E8A           00157     MOVWF   LATB
                      00158     
00006C A280           00159     BTFSS   SW
00006E EF?? F???      00160     GOTO    MAIN  
000072 EF?? F???      00161     GOTO    SW2.1
000076                00162 SW2.1
000076 A080           00163     BTFSS   SW2
000078 EF?? F???      00164     GOTO    DISPENSAR
00007C EF?? F???      00165     GOTO    MAIN
                      00166 ;--------------------C-----------------
                      00167     ;--------INICIO--------------
000080                00168 DISPENSAR
000080 0E39           00169     MOVLW   C_
000082 6E8C           00170     MOVWF   LATD
000084 0E08           00171     MOVLW   VERDE
000086 6E8A           00172     MOVWF   LATB
                      00173 
                      00174     
000088 A084           00175     BTFSS   BOTON
00008A EF?? F???      00176     GOTO    DISPENSAR 
00008E                00177 OTRA1 
00008E EC?? F???      00178     CALL    DELAY_10MS
000092 B084           00179     BTFSC   BOTON
000094 EF?? F???      00180     GOTO    OTRA1
000098 EF?? F???      00181     GOTO    B2.2 
                      00182     
                      00183 ;-----------B---------------   
MPASM 5.87                       EXAMEN1.ASM   6-22-2023  19:05:15         PAGE  5


LOC  OBJECT CODE     LINE SOURCE TEXT
  VALUE

                      00184     
00009C                00185 B2.2
00009C A284           00186     BTFSS   BOTON2
00009E EF?? F???      00187     GOTO    DIS1 
0000A2                00188 OTRA2.2 
0000A2 EC?? F???      00189     CALL    DELAY_10MS
0000A6 B284           00190     BTFSC   BOTON2
0000A8 EF?? F???      00191     GOTO    B2.2
0000AC EF?? F???      00192     GOTO    DISPENSAR
                      00193     
0000B0                00194 DIS1
0000B0 A280           00195     BTFSS   SW
0000B2 EF?? F???      00196     GOTO    MAIN
0000B6                00197 SW2.2
0000B6 A080           00198     BTFSS   SW2
0000B8 EF?? F???      00199     GOTO    LETRAB
0000BC EF?? F???      00200     GOTO    MAIN
0000C0                00201 LETRAB    
0000C0 0E7C           00202     MOVLW   B_
0000C2 6E8C           00203     MOVWF   LATD
0000C4 0E08           00204     MOVLW   VERDE
0000C6 6E8A           00205     MOVWF   LATB
                      00206     
0000C8 A084           00207     BTFSS   BOTON
0000CA EF?? F???      00208     GOTO    B2.2 
0000CE                00209 OTRA2 
0000CE EC?? F???      00210     CALL    DELAY_10MS
0000D2 B084           00211     BTFSC   BOTON
0000D4 EF?? F???      00212     GOTO    OTRA2
0000D8 EF?? F???      00213     GOTO    DIS2
                      00214   
                      00215     
                      00216 ;---------------- 
                      00217 ;------A------------
0000DC                00218 B2.3
0000DC A284           00219     BTFSS   BOTON2
0000DE EF?? F???      00220     GOTO    DIS2 
0000E2                00221 OTRA2.3 
0000E2 EC?? F???      00222     CALL    DELAY_10MS
0000E6 B284           00223     BTFSC   BOTON2
0000E8 EF?? F???      00224     GOTO    B2.3
0000EC EF?? F???      00225     GOTO    B2.2
                      00226     
0000F0                00227 DIS2
0000F0 A280           00228     BTFSS   SW
0000F2 EF?? F???      00229     GOTO    MAIN
0000F6                00230 SW2.3
0000F6 A080           00231     BTFSS   SW2
0000F8 EF?? F???      00232     GOTO    LETRAA
0000FC EF?? F???      00233     GOTO    MAIN 
000100                00234 LETRAA
000100 0E77           00235     MOVLW   A_ 
000102 6E8C           00236     MOVWF   LATD
MPASM 5.87                       EXAMEN1.ASM   6-22-2023  19:05:15         PAGE  6


LOC  OBJECT CODE     LINE SOURCE TEXT
  VALUE

000104 0E08           00237     MOVLW   VERDE
000106 6E8A           00238     MOVWF   LATB
                      00239     
000108 A084           00240     BTFSS   BOTON
00010A EF?? F???      00241     GOTO    B2.3
00010E                00242 OTRA3 
00010E EC?? F???      00243     CALL    DELAY_10MS
000112 B084           00244     BTFSC   BOTON
000114 EF?? F???      00245     GOTO    OTRA3
000118 EF?? F???      00246     GOTO    DIS3
                      00247 ;-------------------
                      00248 ;-------9---------
00011C                00249 B2.4
00011C A284           00250     BTFSS   BOTON2
00011E EF?? F???      00251     GOTO    DIS3 
000122                00252 OTRA2.4 
000122 EC?? F???      00253     CALL    DELAY_10MS
000126 B284           00254     BTFSC   BOTON2
000128 EF?? F???      00255     GOTO    B2.4
00012C EF?? F???      00256     GOTO    B2.3   
                      00257  
000130                00258 DIS3
000130 A280           00259     BTFSS   SW
000132 EF?? F???      00260     GOTO    MAIN
000136                00261 SW2.4
000136 A080           00262     BTFSS   SW2
000138 EF?? F???      00263     GOTO    NUMERO9
00013C EF?? F???      00264     GOTO    MAIN 
000140                00265 NUMERO9 
000140 0E67           00266     MOVLW   NUEVE 
000142 6E8C           00267     MOVWF   LATD
000144 0E08           00268     MOVLW   VERDE
000146 6E8A           00269     MOVWF   LATB
                      00270     
000148 A084           00271     BTFSS   BOTON
00014A EF?? F???      00272     GOTO    B2.4
00014E                00273 OTRA4 
00014E EC?? F???      00274     CALL    DELAY_10MS
000152 B084           00275     BTFSC   BOTON
000154 EF?? F???      00276     GOTO    OTRA4
000158 EF?? F???      00277     GOTO    DIS4
                      00278 ;----------------------
                      00279    ;----------8----------
00015C                00280 B2.5
00015C A284           00281     BTFSS   BOTON2
00015E EF?? F???      00282     GOTO    DIS4 
000162                00283 OTRA2.5 
000162 EC?? F???      00284     CALL    DELAY_10MS
000166 B284           00285     BTFSC   BOTON2
000168 EF?? F???      00286     GOTO    B2.5
00016C EF?? F???      00287     GOTO    B2.4  
000170                00288 DIS4
000170 A280           00289     BTFSS   SW
MPASM 5.87                       EXAMEN1.ASM   6-22-2023  19:05:15         PAGE  7


LOC  OBJECT CODE     LINE SOURCE TEXT
  VALUE

000172 EF?? F???      00290     GOTO    MAIN
000176                00291 SW2.5
000176 A080           00292     BTFSS   SW2
000178 EF?? F???      00293     GOTO    NUMERO8
00017C EF?? F???      00294     GOTO    MAIN 
000180                00295 NUMERO8  
000180 0E7F           00296     MOVLW   OCHO 
000182 6E8C           00297     MOVWF   LATD
000184 0E08           00298     MOVLW   VERDE
000186 6E8A           00299     MOVWF   LATB
                      00300     
000188 A084           00301     BTFSS   BOTON
00018A EF?? F???      00302     GOTO    B2.5
00018E                00303 OTRA5
00018E EC?? F???      00304     CALL    DELAY_10MS
000192 B084           00305     BTFSC   BOTON
000194 EF?? F???      00306     GOTO    OTRA5
000198 EF?? F???      00307     GOTO    DIS5
                      00308 ;------------------------------
                      00309 ;-----------7----------------
00019C                00310 B2.6
00019C A284           00311     BTFSS   BOTON2
00019E EF?? F???      00312     GOTO    DIS5
0001A2                00313 OTRA2.6
0001A2 EC?? F???      00314     CALL    DELAY_10MS
0001A6 B284           00315     BTFSC   BOTON2
0001A8 EF?? F???      00316     GOTO    B2.6
0001AC EF?? F???      00317     GOTO    B2.5     
                      00318  
0001B0                00319 DIS5
0001B0 A280           00320     BTFSS   SW
0001B2 EF?? F???      00321     GOTO    MAIN
0001B6                00322 SW2.6
0001B6 A080           00323     BTFSS   SW2
0001B8 EF?? F???      00324     GOTO    NUMERO7
0001BC EF?? F???      00325     GOTO    MAIN 
0001C0                00326 NUMERO7   
0001C0 0E07           00327     MOVLW   SIETE 
0001C2 6E8C           00328     MOVWF   LATD
0001C4 0E08           00329     MOVLW   VERDE
0001C6 6E8A           00330     MOVWF   LATB
                      00331     
0001C8 A084           00332     BTFSS   BOTON
0001CA EF?? F???      00333     GOTO    B2.6
0001CE                00334 OTRA6
0001CE EC?? F???      00335     CALL    DELAY_10MS
0001D2 B084           00336     BTFSC   BOTON
0001D4 EF?? F???      00337     GOTO    OTRA6
0001D8 EF?? F???      00338     GOTO    DIS6
                      00339 ;------------------------
                      00340 ;----------6-----------
0001DC                00341 B2.7
0001DC A284           00342     BTFSS   BOTON2
MPASM 5.87                       EXAMEN1.ASM   6-22-2023  19:05:15         PAGE  8


LOC  OBJECT CODE     LINE SOURCE TEXT
  VALUE

0001DE EF?? F???      00343     GOTO    DIS6
0001E2                00344 OTRA2.7
0001E2 EC?? F???      00345     CALL    DELAY_10MS
0001E6 B284           00346     BTFSC   BOTON2
0001E8 EF?? F???      00347     GOTO    B2.7
0001EC EF?? F???      00348     GOTO    B2.6 
0001F0                00349 DIS6
0001F0 A280           00350     BTFSS   SW
0001F2 EF?? F???      00351     GOTO    MAIN
0001F6                00352 SW2.7
0001F6 A080           00353     BTFSS   SW2
0001F8 EF?? F???      00354     GOTO    NUMERO6
0001FC EF?? F???      00355     GOTO    MAIN 
000200                00356 NUMERO6 
000200 0E7D           00357     MOVLW   SEIS 
000202 6E8C           00358     MOVWF   LATD
000204 0E08           00359     MOVLW   VERDE
000206 6E8A           00360     MOVWF   LATB
                      00361     
000208 A084           00362     BTFSS   BOTON
00020A EF?? F???      00363     GOTO    B2.7
00020E                00364 OTRA7
00020E EC?? F???      00365     CALL    DELAY_10MS
000212 B084           00366     BTFSC   BOTON
000214 EF?? F???      00367     GOTO    OTRA7
000218 EF?? F???      00368     GOTO    DIS7
                      00369 ;-----------------------
                      00370 ;---------5-------------
00021C                00371 B2.8
00021C A284           00372     BTFSS   BOTON2
00021E EF?? F???      00373     GOTO    DIS7
000222                00374 OTRA2.8
000222 EC?? F???      00375     CALL    DELAY_10MS
000226 B284           00376     BTFSC   BOTON2
000228 EF?? F???      00377     GOTO    B2.8
00022C EF?? F???      00378     GOTO    B2.7 
000230                00379 DIS7
000230 A280           00380     BTFSS   SW
000232 EF?? F???      00381     GOTO    MAIN
000236                00382 SW2.8
000236 A080           00383     BTFSS   SW2
000238 EF?? F???      00384     GOTO    NUMERO5
00023C EF?? F???      00385     GOTO    MAIN 
000240                00386 NUMERO5   
000240 0E6D           00387     MOVLW   CINCO 
000242 6E8C           00388     MOVWF   LATD
000244 0E08           00389     MOVLW   VERDE
000246 6E8A           00390     MOVWF   LATB
                      00391     
000248 A084           00392     BTFSS   BOTON
00024A EF?? F???      00393     GOTO    B2.8
00024E                00394 OTRA8
00024E EC?? F???      00395     CALL    DELAY_10MS
MPASM 5.87                       EXAMEN1.ASM   6-22-2023  19:05:15         PAGE  9


LOC  OBJECT CODE     LINE SOURCE TEXT
  VALUE

000252 B084           00396     BTFSC   BOTON
000254 EF?? F???      00397     GOTO    OTRA8
000258 EF?? F???      00398     GOTO    DIS8
                      00399 ;------------------------
                      00400 ;----------4------------
00025C                00401 B2.9
00025C A284           00402     BTFSS   BOTON2
00025E EF?? F???      00403     GOTO    DIS8
000262                00404 OTRA2.9
000262 EC?? F???      00405     CALL    DELAY_10MS
000266 B284           00406     BTFSC   BOTON2
000268 EF?? F???      00407     GOTO    B2.9
00026C EF?? F???      00408     GOTO    B2.8 
                      00409   
000270                00410 DIS8
000270 A280           00411     BTFSS   SW
000272 EF?? F???      00412     GOTO    MAIN
000276                00413 SW2.9
000276 A080           00414     BTFSS   SW2
000278 EF?? F???      00415     GOTO    NUMERO4
00027C EF?? F???      00416     GOTO    MAIN 
000280                00417 NUMERO4   
000280 0E66           00418     MOVLW   CUATRO 
000282 6E8C           00419     MOVWF   LATD
000284 0E08           00420     MOVLW   VERDE
000286 6E8A           00421     MOVWF   LATB
                      00422     
000288 A084           00423     BTFSS   BOTON
00028A EF?? F???      00424     GOTO    B2.9
00028E                00425 OTRA9
00028E EC?? F???      00426     CALL    DELAY_10MS
000292 B084           00427     BTFSC   BOTON
000294 EF?? F???      00428     GOTO    OTRA9
000298 EF?? F???      00429     GOTO    DIS9
                      00430 ;-------------------
                      00431 ;---------3---------
00029C                00432 B2.10
00029C A284           00433     BTFSS   BOTON2
00029E EF?? F???      00434     GOTO    DIS9
0002A2                00435 OTRA2.10
0002A2 EC?? F???      00436     CALL    DELAY_10MS
0002A6 B284           00437     BTFSC   BOTON2
0002A8 EF?? F???      00438     GOTO    B2.10
0002AC EF?? F???      00439     GOTO    B2.9
0002B0                00440 DIS9
0002B0 A280           00441     BTFSS   SW
0002B2 EF?? F???      00442     GOTO    MAIN
0002B6                00443 SW2.10
0002B6 A080           00444     BTFSS   SW2
0002B8 EF?? F???      00445     GOTO    NUMERO3
0002BC EF?? F???      00446     GOTO    MAIN 
0002C0                00447 NUMERO3   
0002C0 0E4F           00448     MOVLW   TRES 
MPASM 5.87                       EXAMEN1.ASM   6-22-2023  19:05:15         PAGE 10


LOC  OBJECT CODE     LINE SOURCE TEXT
  VALUE

0002C2 6E8C           00449     MOVWF   LATD
0002C4 0E08           00450     MOVLW   VERDE
0002C6 6E8A           00451     MOVWF   LATB
                      00452     
0002C8 A084           00453     BTFSS   BOTON
0002CA EF?? F???      00454     GOTO    B2.10
0002CE                00455 OTRA10
0002CE EC?? F???      00456     CALL    DELAY_10MS
0002D2 B084           00457     BTFSC   BOTON
0002D4 EF?? F???      00458     GOTO    OTRA10
0002D8 EF?? F???      00459     GOTO    DIS10
                      00460 ;-----------------------------
                      00461 ;------------2---------------
0002DC                00462 B2.11
0002DC A284           00463     BTFSS   BOTON2
0002DE EF?? F???      00464     GOTO    DIS10
0002E2                00465 OTRA2.11
0002E2 EC?? F???      00466     CALL    DELAY_10MS
0002E6 B284           00467     BTFSC   BOTON2
0002E8 EF?? F???      00468     GOTO    B2.11
0002EC EF?? F???      00469     GOTO    B2.10
0002F0                00470 DIS10
0002F0 A280           00471     BTFSS   SW
0002F2 EF?? F???      00472     GOTO    MAIN
0002F6                00473 SW2.11
0002F6 A080           00474     BTFSS   SW2
0002F8 EF?? F???      00475     GOTO    NUMERO2
0002FC EF?? F???      00476     GOTO    MAIN 
000300                00477 NUMERO2  
000300 0E5B           00478     MOVLW   DOS 
000302 6E8C           00479     MOVWF   LATD
000304 0E08           00480     MOVLW   VERDE
000306 6E8A           00481     MOVWF   LATB
                      00482     
000308 A084           00483     BTFSS   BOTON
00030A EF?? F???      00484     GOTO    B2.11
00030E                00485 OTRA11
00030E EC?? F???      00486     CALL    DELAY_10MS
000312 B084           00487     BTFSC   BOTON
000314 EF?? F???      00488     GOTO    OTRA11
000318 EF?? F???      00489     GOTO    DIS11
                      00490 ;--------------------------
                      00491 ;-----------1-------------
00031C                00492 B2.12
00031C A284           00493     BTFSS   BOTON2
00031E EF?? F???      00494     GOTO    DIS11
000322                00495 OTRA2.12
000322 EC?? F???      00496     CALL    DELAY_10MS
000326 B284           00497     BTFSC   BOTON2
000328 EF?? F???      00498     GOTO    B2.12
00032C EF?? F???      00499     GOTO    B2.11
000330                00500 DIS11
000330 A280           00501     BTFSS   SW
MPASM 5.87                       EXAMEN1.ASM   6-22-2023  19:05:15         PAGE 11


LOC  OBJECT CODE     LINE SOURCE TEXT
  VALUE

000332 EF?? F???      00502     GOTO    MAIN
000336                00503 SW2.12
000336 A080           00504     BTFSS   SW2
000338 EF?? F???      00505     GOTO    NUMERO1
00033C EF?? F???      00506     GOTO    MAIN 
000340                00507 NUMERO1 
000340 0E06           00508     MOVLW   UNO 
000342 6E8C           00509     MOVWF   LATD
000344 0E08           00510     MOVLW   VERDE
000346 6E8A           00511     MOVWF   LATB
                      00512     
000348 A084           00513     BTFSS   BOTON
00034A EF?? F???      00514     GOTO    B2.12
00034E                00515 OTRA12
00034E EC?? F???      00516     CALL    DELAY_10MS
000352 B084           00517     BTFSC   BOTON
000354 EF?? F???      00518     GOTO    OTRA12
000358 EF?? F???      00519     GOTO    DIS12
                      00520 ;--------------------
                      00521 ;-----------0--------
00035C                00522 B2.13
00035C A284           00523     BTFSS   BOTON2
00035E EF?? F???      00524     GOTO    DIS12
000362                00525 OTRA2.14
000362 EC?? F???      00526     CALL    DELAY_10MS
000366 B284           00527     BTFSC   BOTON2
000368 EF?? F???      00528     GOTO    B2.13
00036C EF?? F???      00529     GOTO    B2.12
                      00530  
000370                00531 DIS12  
000370 A280           00532     BTFSS   SW
000372 EF?? F???      00533     GOTO    MAIN
000376                00534 SW2.13
000376 A080           00535     BTFSS   SW2
000378 EF?? F???      00536     GOTO    NUMERO0
00037C EF?? F???      00537     GOTO    MAIN 
000380                00538 NUMERO0
000380 EC?? F???      00539     CALL    LED_ROJO 
                      00540     
000384 0E3F           00541     MOVLW   CERO 
000386 6E8C           00542     MOVWF   LATD
                      00543     
000388 A084           00544     BTFSS   BOTON
00038A EF?? F???      00545     GOTO    B2.13
00038E                00546 OTRA13
00038E EC?? F???      00547     CALL    DELAY_10MS
000392 B084           00548     BTFSC   BOTON
000394 EF?? F???      00549     GOTO    OTRA13
000398 EF?? F???      00550     GOTO    DIS12
                      00551    
                      00552     END
MPASM 5.87                       EXAMEN1.ASM   6-22-2023  19:05:15         PAGE 12


SYMBOL TABLE
  LABEL                             VALUE 

A                                 00000000
ABDEN                             00000000
ABDOVF                            00000007
ACCESS                            00000000
ACKDT                             00000005
ACKEN                             00000004
ACKSTAT                           00000006
ACQT0                             00000003
ACQT1                             00000004
ACQT2                             00000005
ACTVIE                            00000002
ACTVIF                            00000002
ADCON0                            00000FC2
ADCON1                            00000FC1
ADCON2                            00000FC0
ADCS0                             00000000
ADCS1                             00000001
ADCS2                             00000002
ADDEN                             00000003
ADDR0                             00000000
ADDR1                             00000001
ADDR2                             00000002
ADDR3                             00000003
ADDR4                             00000004
ADDR5                             00000005
ADDR6                             00000006
ADEN                              00000003
ADFM                              00000007
ADIE                              00000006
ADIF                              00000006
ADIP                              00000006
ADON                              00000000
ADRES                             00000FC3
ADRESH                            00000FC4
ADRESL                            00000FC3
AGAIN                             00000010
AN0                               00000000
AN1                               00000001
AN2                               00000002
AN3                               00000003
AN4                               00000005
A_                                B'01110111'
B2.10                             0000029C
B2.11                             000002DC
B2.12                             0000031C
B2.13                             0000035C
B2.2                              0000009C
B2.3                              000000DC
B2.4                              0000011C
B2.5                              0000015C
B2.6                              0000019C
B2.7                              000001DC
B2.8                              0000021C
MPASM 5.87                       EXAMEN1.ASM   6-22-2023  19:05:15         PAGE 13


SYMBOL TABLE
  LABEL                             VALUE 

B2.9                              0000025C
BANKED                            00000001
BAUDCON                           00000FB8
BAUDCTL                           00000FB8
BCLIE                             00000003
BCLIF                             00000003
BCLIP                             00000003
BF                                00000000
BGST                              00000005
BOR                               00000000
BOTON                             PORTE,0
BOTON2                            PORTE,1
BRG16                             00000003
BRGH                              00000002
BSR                               00000FE0
BTOEE                             00000004
BTOEF                             00000004
BTSEE                             00000007
BTSEF                             00000007
B_                                B'01111100'
C                                 00000000
C1INV                             00000004
C1OUT                             00000006
C2INV                             00000005
C2OUT                             00000007
CCP1                              00000002
CCP1AS                            00000FB6
CCP1CON                           00000FBD
CCP1DEL                           00000FB7
CCP1IE                            00000002
CCP1IF                            00000002
CCP1IP                            00000002
CCP1M0                            00000000
CCP1M1                            00000001
CCP1M2                            00000002
CCP1M3                            00000003
CCP2CON                           00000FBA
CCP2IE                            00000000
CCP2IF                            00000000
CCP2IP                            00000000
CCP2M0                            00000000
CCP2M1                            00000001
CCP2M2                            00000002
CCP2M3                            00000003
CCPR1                             00000FBE
CCPR1H                            00000FBF
CCPR1L                            00000FBE
CCPR2                             00000FBB
CCPR2H                            00000FBC
CCPR2L                            00000FBB
CERO                              B'00111111'
CFGS                              00000006
CHS0                              00000002
MPASM 5.87                       EXAMEN1.ASM   6-22-2023  19:05:15         PAGE 14


SYMBOL TABLE
  LABEL                             VALUE 

CHS1                              00000003
CHS2                              00000004
CHS3                              00000005
CINCO                             B'01101101'
CIS                               00000003
CK                                00000006
CK1SPP                            00000000
CK2SPP                            00000001
CKE                               00000006
CKP                               00000004
CLK1EN                            00000004
CLKCFG0                           00000006
CLKCFG1                           00000007
CM0                               00000000
CM1                               00000001
CM2                               00000002
CMCON                             00000FB4
CMIE                              00000006
CMIF                              00000006
CMIP                              00000006
CRC16EE                           00000002
CRC16EF                           00000002
CRC5EE                            00000001
CRC5EF                            00000001
CREN                              00000004
CSEN                              00000005
CSRC                              00000007
CUATRO                            B'01100110'
CVR0                              00000000
CVR1                              00000001
CVR2                              00000002
CVR3                              00000003
CVRCON                            00000FB5
CVREF                             00000004
CVREN                             00000007
CVROE                             00000006
CVRR                              00000005
CVRSS                             00000004
C_                                B'00111001'
D                                 00000005
DATA_ADDRESS                      00000005
DC                                00000001
DC1B0                             00000004
DC1B1                             00000005
DC2B0                             00000004
DC2B1                             00000005
DDRA                              TRISA
DDRB                              TRISB
DDRC                              TRISC
DDRD                              TRISD
DDRE                              TRISE
DELAY_10MS                        00000004
DELAY_1mS                         0000000A
MPASM 5.87                       EXAMEN1.ASM   6-22-2023  19:05:15         PAGE 15


SYMBOL TABLE
  LABEL                             VALUE 

DFN8EE                            00000003
DFN8EF                            00000003
DIR                               00000002
DIS1                              000000B0
DIS10                             000002F0
DIS11                             00000330
DIS12                             00000370
DIS2                              000000F0
DIS3                              00000130
DIS4                              00000170
DIS5                              000001B0
DIS6                              000001F0
DIS7                              00000230
DIS8                              00000270
DIS9                              000002B0
DISPENSAR                         00000080
DONE                              00000001
DOS                               B'01011011'
D_A                               00000005
D_NOT_A                           00000005
ECCP1AS                           00000FB6
ECCP1CON                          00000FBD
ECCP1DEL                          00000FB7
ECCPAS0                           00000004
ECCPAS1                           00000005
ECCPAS2                           00000006
ECCPASE                           00000007
EEADR                             00000FA9
EECON1                            00000FA6
EECON2                            00000FA7
EEDATA                            00000FA8
EEIE                              00000004
EEIF                              00000004
EEIP                              00000004
EEPGD                             00000007
ENDP0                             00000003
ENDP1                             00000004
ENDP2                             00000005
ENDP3                             00000006
EPCONDIS                          00000003
EPHSHK                            00000004
EPINEN                            00000001
EPOUTEN                           00000002
EPSTALL                           00000000
FAST                              00000001
FERR                              00000002
FLTS                              00000002
FREE                              00000004
FRM0                              00000000
FRM1                              00000001
FRM10                             00000002
FRM2                              00000002
FRM3                              00000003
MPASM 5.87                       EXAMEN1.ASM   6-22-2023  19:05:15         PAGE 16


SYMBOL TABLE
  LABEL                             VALUE 

FRM4                              00000004
FRM5                              00000005
FRM6                              00000006
FRM7                              00000007
FRM8                              00000000
FRM9                              00000001
FSEN                              00000002
FSR0                              00000000
FSR0H                             00000FEA
FSR0L                             00000FE9
FSR1                              00000001
FSR1H                             00000FE2
FSR1L                             00000FE1
FSR2                              00000002
FSR2H                             00000FDA
FSR2L                             00000FD9
GCEN                              00000007
GIE                               00000007
GIEH                              00000007
GIEL                              00000006
GIE_GIEH                          00000007
GO                                00000001
GO_DONE                           00000001
GO_NOT_DONE                       00000001
HLVDCON                           00000FD2
HLVDEN                            00000004
HLVDIE                            00000002
HLVDIF                            00000002
HLVDIN                            00000005
HLVDIP                            00000002
HLVDL0                            00000000
HLVDL1                            00000001
HLVDL2                            00000002
HLVDL3                            00000003
I                                 00000032
I2C_DAT                           00000005
I2C_READ                          00000002
I2C_START                         00000003
I2C_STOP                          00000004
IDLEIE                            00000004
IDLEIF                            00000004
IDLEN                             00000007
INDF0                             00000FEF
INDF1                             00000FE7
INDF2                             00000FDF
INT0                              00000000
INT0E                             00000004
INT0F                             00000001
INT0IE                            00000004
INT0IF                            00000001
INT1                              00000001
INT1E                             00000003
INT1F                             00000000
MPASM 5.87                       EXAMEN1.ASM   6-22-2023  19:05:15         PAGE 17


SYMBOL TABLE
  LABEL                             VALUE 

INT1IE                            00000003
INT1IF                            00000000
INT1IP                            00000006
INT1P                             00000006
INT2                              00000002
INT2E                             00000004
INT2F                             00000001
INT2IE                            00000004
INT2IF                            00000001
INT2IP                            00000007
INT2P                             00000007
INTCON                            00000FF2
INTCON2                           00000FF1
INTCON3                           00000FF0
INTEDG0                           00000006
INTEDG1                           00000005
INTEDG2                           00000004
INTSRC                            00000007
IOFS                              00000002
IPEN                              00000007
IPR1                              00000F9F
IPR2                              00000FA2
IRCF0                             00000004
IRCF1                             00000005
IRCF2                             00000006
IRVST                             00000005
IVRST                             00000005
J                                 00000033
LATA                              00000F89
LATA0                             00000000
LATA1                             00000001
LATA2                             00000002
LATA3                             00000003
LATA4                             00000004
LATA5                             00000005
LATA6                             00000006
LATB                              00000F8A
LATB0                             00000000
LATB1                             00000001
LATB2                             00000002
LATB3                             00000003
LATB4                             00000004
LATB5                             00000005
LATB6                             00000006
LATB7                             00000007
LATC                              00000F8B
LATC0                             00000000
LATC1                             00000001
LATC2                             00000002
LATC6                             00000006
LATC7                             00000007
LATD                              00000F8C
LATD0                             00000000
MPASM 5.87                       EXAMEN1.ASM   6-22-2023  19:05:15         PAGE 18


SYMBOL TABLE
  LABEL                             VALUE 

LATD1                             00000001
LATD2                             00000002
LATD3                             00000003
LATD4                             00000004
LATD5                             00000005
LATD6                             00000006
LATD7                             00000007
LATE                              00000F8D
LATE0                             00000000
LATE1                             00000001
LATE2                             00000002
LED_ROJO                          0000001A
LETRAA                            00000100
LETRAB                            000000C0
LVDCON                            00000FD2
LVDEN                             00000004
LVDIE                             00000002
LVDIF                             00000002
LVDIN                             00000005
LVDIP                             00000002
LVDL0                             00000000
LVDL1                             00000001
LVDL2                             00000002
LVDL3                             00000003
LVV0                              00000000
LVV1                              00000001
LVV2                              00000002
LVV3                              00000003
MAIN                              00000064
N                                 00000004
NADA                              B'00000000'
NOT_A                             00000005
NOT_ADDRESS                       00000005
NOT_BOR                           00000000
NOT_DONE                          00000001
NOT_IPEN                          00000007
NOT_PD                            00000002
NOT_POR                           00000001
NOT_RBPU                          00000007
NOT_RI                            00000004
NOT_T1SYNC                        00000002
NOT_T3SYNC                        00000002
NOT_TO                            00000003
NOT_W                             00000002
NOT_WRITE                         00000002
NUEVE                             B'01100111'
NUMERO0                           00000380
NUMERO1                           00000340
NUMERO2                           00000300
NUMERO3                           000002C0
NUMERO4                           00000280
NUMERO5                           00000240
NUMERO6                           00000200
MPASM 5.87                       EXAMEN1.ASM   6-22-2023  19:05:15         PAGE 19


SYMBOL TABLE
  LABEL                             VALUE 

NUMERO7                           000001C0
NUMERO8                           00000180
NUMERO9                           00000140
OCHO                              B'01111111'
OERR                              00000001
OESPP                             00000002
OSC2                              00000006
OSCCON                            00000FD3
OSCFIE                            00000007
OSCFIF                            00000007
OSCFIP                            00000007
OSCTUNE                           00000F9B
OSTS                              00000003
OTRA1                             0000008E
OTRA10                            000002CE
OTRA11                            0000030E
OTRA12                            0000034E
OTRA13                            0000038E
OTRA2                             000000CE
OTRA2.10                          000002A2
OTRA2.11                          000002E2
OTRA2.12                          00000322
OTRA2.14                          00000362
OTRA2.2                           000000A2
OTRA2.3                           000000E2
OTRA2.4                           00000122
OTRA2.5                           00000162
OTRA2.6                           000001A2
OTRA2.7                           000001E2
OTRA2.8                           00000222
OTRA2.9                           00000262
OTRA3                             0000010E
OTRA4                             0000014E
OTRA5                             0000018E
OTRA6                             000001CE
OTRA7                             0000020E
OTRA8                             0000024E
OTRA9                             0000028E
OV                                00000003
P                                 00000004
P1A                               00000002
P1M0                              00000006
P1M1                              00000007
PC                                00000FF9
PCFG0                             00000000
PCFG1                             00000001
PCFG2                             00000002
PCFG3                             00000003
PCL                               00000FF9
PCLATH                            00000FFA
PCLATU                            00000FFB
PD                                00000002
PDC0                              00000000
MPASM 5.87                       EXAMEN1.ASM   6-22-2023  19:05:15         PAGE 20


SYMBOL TABLE
  LABEL                             VALUE 

PDC1                              00000001
PDC2                              00000002
PDC3                              00000003
PDC4                              00000004
PDC5                              00000005
PDC6                              00000006
PEIE                              00000006
PEIE_GIEL                         00000006
PEN                               00000002
PGC                               00000006
PGD                               00000007
PGM                               00000005
PIDEE                             00000000
PIDEF                             00000000
PIE1                              00000F9D
PIE2                              00000FA0
PIR1                              00000F9E
PIR2                              00000FA1
PKTDIS                            00000004
PLUSW0                            00000FEB
PLUSW1                            00000FE3
PLUSW2                            00000FDB
POR                               00000001
PORTA                             00000F80
PORTB                             00000F81
PORTC                             00000F82
PORTD                             00000F83
PORTE                             00000F84
POSTDEC0                          00000FED
POSTDEC1                          00000FE5
POSTDEC2                          00000FDD
POSTINC0                          00000FEE
POSTINC1                          00000FE6
POSTINC2                          00000FDE
PPB0                              00000000
PPB1                              00000001
PPBI                              00000001
PPBRST                            00000006
PR2                               00000FCB
PREINC0                           00000FEC
PREINC1                           00000FE4
PREINC2                           00000FDC
PROD                              00000FF3
PRODH                             00000FF4
PRODL                             00000FF3
PRSEN                             00000007
PSA                               00000003
PSSAC0                            00000002
PSSAC1                            00000003
PSSBD0                            00000000
PSSBD1                            00000001
R                                 00000002
RA0                               00000000
MPASM 5.87                       EXAMEN1.ASM   6-22-2023  19:05:15         PAGE 21


SYMBOL TABLE
  LABEL                             VALUE 

RA1                               00000001
RA2                               00000002
RA3                               00000003
RA4                               00000004
RA5                               00000005
RA6                               00000006
RB0                               00000000
RB1                               00000001
RB2                               00000002
RB3                               00000003
RB4                               00000004
RB5                               00000005
RB6                               00000006
RB7                               00000007
RBIE                              00000003
RBIF                              00000000
RBIP                              00000000
RBPU                              00000007
RC0                               00000000
RC1                               00000001
RC2                               00000002
RC4                               00000004
RC5                               00000005
RC6                               00000006
RC7                               00000007
RCEN                              00000003
RCIDL                             00000006
RCIE                              00000005
RCIF                              00000005
RCIP                              00000005
RCMT                              00000006
RCON                              00000FD0
RCREG                             00000FAE
RCSTA                             00000FAB
RD                                00000000
RD0                               00000000
RD1                               00000001
RD16                              00000007
RD2                               00000002
RD3                               00000003
RD4                               00000004
RD5                               00000005
RD6                               00000006
RD7                               00000007
RDPU                              00000007
RDSPP                             00000007
RE0                               00000000
RE1                               00000001
RE2                               00000002
RE3                               00000003
READ_WRITE                        00000002
RESUME                            00000002
RI                                00000004
MPASM 5.87                       EXAMEN1.ASM   6-22-2023  19:05:15         PAGE 22


SYMBOL TABLE
  LABEL                             VALUE 

ROJO                              B'00000001'
RSEN                              00000001
RX                                00000007
RX9                               00000006
RX9D                              00000000
RXDTP                             00000005
R_NOT_W                           00000002
R_W                               00000002
S                                 00000003
SBOREN                            00000006
SCKP                              00000004
SCS0                              00000000
SCS1                              00000001
SE0                               00000005
SEIS                              B'01111101'
SEN                               00000000
SENDB                             00000003
SETIINGS                          0000004C
SIETE                             B'00000111'
SMP                               00000007
SOFIE                             00000006
SOFIF                             00000006
SPBRG                             00000FAF
SPBRGH                            00000FB0
SPEN                              00000007
SPP0                              00000000
SPP1                              00000001
SPP2                              00000002
SPP3                              00000003
SPP4                              00000004
SPP5                              00000005
SPP6                              00000006
SPP7                              00000007
SPPBUSY                           00000004
SPPCFG                            00000F63
SPPCON                            00000F65
SPPDATA                           00000F62
SPPEN                             00000000
SPPEPS                            00000F64
SPPIE                             00000007
SPPIF                             00000007
SPPIP                             00000007
SPPOWN                            00000001
SREN                              00000005
SSPADD                            00000FC8
SSPBUF                            00000FC9
SSPCON1                           00000FC6
SSPCON2                           00000FC5
SSPEN                             00000005
SSPIE                             00000003
SSPIF                             00000003
SSPIP                             00000003
SSPM0                             00000000
MPASM 5.87                       EXAMEN1.ASM   6-22-2023  19:05:15         PAGE 23


SYMBOL TABLE
  LABEL                             VALUE 

SSPM1                             00000001
SSPM2                             00000002
SSPM3                             00000003
SSPOV                             00000006
SSPSTAT                           00000FC7
STALLIE                           00000005
STALLIF                           00000005
STATUS                            00000FD8
STKFUL                            00000007
STKOVF                            00000007
STKPTR                            00000FFC
STKPTR0                           00000000
STKPTR1                           00000001
STKPTR2                           00000002
STKPTR3                           00000003
STKPTR4                           00000004
STKUNF                            00000006
SUSPND                            00000001
SW                                PORTA,1
SW2                               PORTA,0
SW2.1                             00000076
SW2.10                            000002B6
SW2.11                            000002F6
SW2.12                            00000336
SW2.13                            00000376
SW2.2                             000000B6
SW2.3                             000000F6
SW2.4                             00000136
SW2.5                             00000176
SW2.6                             000001B6
SW2.7                             000001F6
SW2.8                             00000236
SW2.9                             00000276
SWDTE                             00000000
SWDTEN                            00000000
SYNC                              00000004
T08BIT                            00000006
T0CKI                             00000004
T0CON                             00000FD5
T0CS                              00000005
T0IE                              00000005
T0IF                              00000002
T0IP                              00000002
T0PS0                             00000000
T0PS1                             00000001
T0PS2                             00000002
T0SE                              00000004
T13CKI                            00000000
T1CKPS0                           00000004
T1CKPS1                           00000005
T1CON                             00000FCD
T1OSCEN                           00000003
T1OSI                             00000001
MPASM 5.87                       EXAMEN1.ASM   6-22-2023  19:05:15         PAGE 24


SYMBOL TABLE
  LABEL                             VALUE 

T1OSO                             00000000
T1RUN                             00000006
T1SYNC                            00000002
T2CKPS0                           00000000
T2CKPS1                           00000001
T2CON                             00000FCA
T2OUTPS0                          00000003
T2OUTPS1                          00000004
T2OUTPS2                          00000005
T2OUTPS3                          00000006
T3CCP1                            00000003
T3CCP2                            00000006
T3CKPS0                           00000004
T3CKPS1                           00000005
T3CON                             00000FB1
T3NSYNC                           00000002
T3SYNC                            00000002
TABLAT                            00000FF5
TBLPTR                            00000FF6
TBLPTRH                           00000FF7
TBLPTRL                           00000FF6
TBLPTRU                           00000FF8
TMR0                              00000FD6
TMR0H                             00000FD7
TMR0IE                            00000005
TMR0IF                            00000002
TMR0IP                            00000002
TMR0L                             00000FD6
TMR0ON                            00000007
TMR1                              00000FCE
TMR1CS                            00000001
TMR1H                             00000FCF
TMR1IE                            00000000
TMR1IF                            00000000
TMR1IP                            00000000
TMR1L                             00000FCE
TMR1ON                            00000000
TMR2                              00000FCC
TMR2IE                            00000001
TMR2IF                            00000001
TMR2IP                            00000001
TMR2ON                            00000002
TMR3                              00000FB2
TMR3CS                            00000001
TMR3H                             00000FB3
TMR3IE                            00000001
TMR3IF                            00000001
TMR3IP                            00000001
TMR3L                             00000FB2
TMR3ON                            00000000
TO                                00000003
TOS                               00000FFD
TOSH                              00000FFE
MPASM 5.87                       EXAMEN1.ASM   6-22-2023  19:05:15         PAGE 25


SYMBOL TABLE
  LABEL                             VALUE 

TOSL                              00000FFD
TOSU                              00000FFF
TOUTPS0                           00000003
TOUTPS1                           00000004
TOUTPS2                           00000005
TOUTPS3                           00000006
TRES                              B'01001111'
TRISA                             00000F92
TRISA0                            00000000
TRISA1                            00000001
TRISA2                            00000002
TRISA3                            00000003
TRISA4                            00000004
TRISA5                            00000005
TRISA6                            00000006
TRISB                             00000F93
TRISB0                            00000000
TRISB1                            00000001
TRISB2                            00000002
TRISB3                            00000003
TRISB4                            00000004
TRISB5                            00000005
TRISB6                            00000006
TRISB7                            00000007
TRISC                             00000F94
TRISC0                            00000000
TRISC1                            00000001
TRISC2                            00000002
TRISC6                            00000006
TRISC7                            00000007
TRISD                             00000F95
TRISD0                            00000000
TRISD1                            00000001
TRISD2                            00000002
TRISD3                            00000003
TRISD4                            00000004
TRISD5                            00000005
TRISD6                            00000006
TRISD7                            00000007
TRISE                             00000F96
TRISE0                            00000000
TRISE1                            00000001
TRISE2                            00000002
TRMT                              00000001
TRNIE                             00000003
TRNIF                             00000003
TUN0                              00000000
TUN1                              00000001
TUN2                              00000002
TUN3                              00000003
TUN4                              00000004
TX                                00000006
TX9                               00000006
MPASM 5.87                       EXAMEN1.ASM   6-22-2023  19:05:15         PAGE 26


SYMBOL TABLE
  LABEL                             VALUE 

TX9D                              00000000
TXCKP                             00000004
TXEN                              00000005
TXIE                              00000004
TXIF                              00000004
TXIP                              00000004
TXREG                             00000FAD
TXSTA                             00000FAC
UA                                00000001
UADDR                             00000F6E
UCFG                              00000F6F
UCON                              00000F6D
UEIE                              00000F6B
UEIR                              00000F6A
UEP0                              00000F70
UEP1                              00000F71
UEP10                             00000F7A
UEP11                             00000F7B
UEP12                             00000F7C
UEP13                             00000F7D
UEP14                             00000F7E
UEP15                             00000F7F
UEP2                              00000F72
UEP3                              00000F73
UEP4                              00000F74
UEP5                              00000F75
UEP6                              00000F76
UEP7                              00000F77
UEP8                              00000F78
UEP9                              00000F79
UERRIE                            00000001
UERRIF                            00000001
UFRM                              00000F66
UFRMH                             00000F67
UFRML                             00000F66
UIE                               00000F69
UIR                               00000F68
UNO                               B'00000110'
UOEMON                            00000006
UPUEN                             00000004
URSTIE                            00000000
URSTIF                            00000000
USBEN                             00000003
USBIE                             00000005
USBIF                             00000005
USBIP                             00000005
USTAT                             00000F6C
UTEYE                             00000007
UTRDIS                            00000003
VCFG0                             00000004
VCFG1                             00000005
VDIRMAG                           00000007
VERDE                             B'00001000'
MPASM 5.87                       EXAMEN1.ASM   6-22-2023  19:05:15         PAGE 27


SYMBOL TABLE
  LABEL                             VALUE 

VREFM                             00000002
VREFP                             00000003
W                                 00000000
WCOL                              00000007
WDTCON                            00000FD1
WR                                00000001
WREG                              00000FE8
WREN                              00000002
WRERR                             00000003
WRSPP                             00000006
WS0                               00000000
WS1                               00000001
WS2                               00000002
WS3                               00000003
WUE                               00000001
Z                                 00000002
_BORV_0_2L                        000000E7
_BORV_1_2L                        000000EF
_BORV_2_2L                        000000F7
_BORV_3_2L                        000000FF
_BOR_OFF_2L                       000000F9
_BOR_ON_2L                        000000FF
_BOR_ON_ACTIVE_2L                 000000FD
_BOR_SOFT_2L                      000000FB
_CCP2MX_OFF_3H                    000000FE
_CCP2MX_ON_3H                     000000FF
_CONFIG1H                         00300001
_CONFIG1L                         00300000
_CONFIG2H                         00300003
_CONFIG2L                         00300002
_CONFIG3H                         00300005
_CONFIG4L                         00300006
_CONFIG5H                         00300009
_CONFIG5L                         00300008
_CONFIG6H                         0030000B
_CONFIG6L                         0030000A
_CONFIG7H                         0030000D
_CONFIG7L                         0030000C
_CP0_OFF_5L                       000000FF
_CP0_ON_5L                        000000FE
_CP1_OFF_5L                       000000FF
_CP1_ON_5L                        000000FD
_CP2_OFF_5L                       000000FF
_CP2_ON_5L                        000000FB
_CPB_OFF_5H                       000000FF
_CPB_ON_5H                        000000BF
_CPD_OFF_5H                       000000FF
_CPD_ON_5H                        0000007F
_CPUDIV_OSC1_PLL2_1L              000000E7
_CPUDIV_OSC2_PLL3_1L              000000EF
_CPUDIV_OSC3_PLL4_1L              000000F7
_CPUDIV_OSC4_PLL6_1L              000000FF
_DEBUG_OFF_4L                     000000FF
MPASM 5.87                       EXAMEN1.ASM   6-22-2023  19:05:15         PAGE 28


SYMBOL TABLE
  LABEL                             VALUE 

_DEBUG_ON_4L                      0000007F
_DEVID1                           003FFFFE
_DEVID2                           003FFFFF
_EBTR0_OFF_7L                     000000FF
_EBTR0_ON_7L                      000000FE
_EBTR1_OFF_7L                     000000FF
_EBTR1_ON_7L                      000000FD
_EBTR2_OFF_7L                     000000FF
_EBTR2_ON_7L                      000000FB
_EBTRB_OFF_7H                     000000FF
_EBTRB_ON_7H                      000000BF
_FCMEN_OFF_1H                     000000BF
_FCMEN_ON_1H                      000000FF
_FOSC_ECIO_EC_1H                  000000F4
_FOSC_ECPLLIO_EC_1H               000000F6
_FOSC_ECPLL_EC_1H                 000000F7
_FOSC_EC_EC_1H                    000000F5
_FOSC_HSPLL_HS_1H                 000000FE
_FOSC_HS_1H                       000000FC
_FOSC_INTOSCIO_EC_1H              000000F8
_FOSC_INTOSC_EC_1H                000000F9
_FOSC_INTOSC_HS_1H                000000FB
_FOSC_INTOSC_XT_1H                000000FA
_FOSC_XTPLL_XT_1H                 000000F2
_FOSC_XT_XT_1H                    000000F0
_ICPRT_OFF_4L                     000000DF
_ICPRT_ON_4L                      000000FF
_IDLOC0                           00200000
_IDLOC1                           00200001
_IDLOC2                           00200002
_IDLOC3                           00200003
_IDLOC4                           00200004
_IDLOC5                           00200005
_IDLOC6                           00200006
_IDLOC7                           00200007
_IESO_OFF_1H                      0000007F
_IESO_ON_1H                       000000FF
_LPT1OSC_OFF_3H                   000000FB
_LPT1OSC_ON_3H                    000000FF
_LVP_OFF_4L                       000000FB
_LVP_ON_4L                        000000FF
_MCLRE_OFF_3H                     0000007F
_MCLRE_ON_3H                      000000FF
_PBADEN_OFF_3H                    000000FD
_PBADEN_ON_3H                     000000FF
_PLLDIV_10_1L                     000000FE
_PLLDIV_12_1L                     000000FF
_PLLDIV_1_1L                      000000F8
_PLLDIV_2_1L                      000000F9
_PLLDIV_3_1L                      000000FA
_PLLDIV_4_1L                      000000FB
_PLLDIV_5_1L                      000000FC
_PLLDIV_6_1L                      000000FD
MPASM 5.87                       EXAMEN1.ASM   6-22-2023  19:05:15         PAGE 29


SYMBOL TABLE
  LABEL                             VALUE 

_PWRT_OFF_2L                      000000FF
_PWRT_ON_2L                       000000FE
_STVREN_OFF_4L                    000000FE
_STVREN_ON_4L                     000000FF
_USBDIV_1_1L                      000000DF
_USBDIV_2_1L                      000000FF
_VREGEN_OFF_2L                    000000DF
_VREGEN_ON_2L                     000000FF
_WDTPS_1024_2H                    000000F5
_WDTPS_128_2H                     000000EF
_WDTPS_16384_2H                   000000FD
_WDTPS_16_2H                      000000E9
_WDTPS_1_2H                       000000E1
_WDTPS_2048_2H                    000000F7
_WDTPS_256_2H                     000000F1
_WDTPS_2_2H                       000000E3
_WDTPS_32768_2H                   000000FF
_WDTPS_32_2H                      000000EB
_WDTPS_4096_2H                    000000F9
_WDTPS_4_2H                       000000E5
_WDTPS_512_2H                     000000F3
_WDTPS_64_2H                      000000ED
_WDTPS_8192_2H                    000000FB
_WDTPS_8_2H                       000000E7
_WDT_OFF_2H                       000000FE
_WDT_ON_2H                        000000FF
_WRT0_OFF_6L                      000000FF
_WRT0_ON_6L                       000000FE
_WRT1_OFF_6L                      000000FF
_WRT1_ON_6L                       000000FD
_WRT2_OFF_6L                      000000FF
_WRT2_ON_6L                       000000FB
_WRTB_OFF_6H                      000000FF
_WRTB_ON_6H                       000000BF
_WRTC_OFF_6H                      000000FF
_WRTC_ON_6H                       000000DF
_WRTD_OFF_6H                      000000FF
_WRTD_ON_6H                       0000007F
_XINST_OFF_4L                     000000BF
_XINST_ON_4L                      000000FF
__18F4455                         00000001

Errors   :     0
Warnings :     0 reported,     0 suppressed
Messages :     0 reported,     0 suppressed

