MPASM 5.87                   PRACTICA1.2.ASM   3-5-2023  14:58:28         PAGE  1


LOC  OBJECT CODE     LINE SOURCE TEXT
  VALUE

                      00001 
                      00002         ORG 0
                      00003         
  00000003            00004 DATOA   EQU 0X03
  00000004            00005 DATOB   EQU 0X04
  00000005            00006 RIZQ    EQU 0X05
  00000006            00007 RDER    EQU 0X06
                      00008             
                      00009         
                      00010 
000000                00011 MAIN 
000000 0E09           00012         MOVLW   .9          ;MUEVO UN 9 A "W"
000002 6E03           00013         MOVWF   DATOA       ;EL 9 DE "W" LO MUEVO A OTRO FILE (DATOA)
000004 0E28           00014         MOVLW   .40         ;MUEOV UN 40 A "W"
000006 6E04           00015         MOVWF   DATOB       ;MUEVO EL 10 DE W A OTRO FILE (DATOB)
                      00016         
000008                00017 SUMA
000008 5003           00018         MOVF    DATOA,W
00000A 2404           00019         ADDWF   DATOB,W
                      00020         
00000C                00021 RESTA
00000C 5003           00022         MOVF    DATOA,W
00000E 5C04           00023         SUBWF   DATOB,W
                      00024 
000010                00025 MULTIPLICACION 
000010 5003           00026         MOVF    DATOA,W
000012 0204           00027         MULWF   DATOB
                      00028         
000014                00029 AND 
000014 5003           00030         MOVF    DATOA,W
000016 1404           00031         ANDWF   DATOB,W
                      00032         
000018                00033 OR
000018 5003           00034         MOVF    DATOA,W
00001A 1004           00035         IORWF   DATOB,W
                      00036         
00001C                00037 XOR 
00001C 5003           00038         MOVF    DATOA,W
00001E 1804           00039         XORWF   DATOB,W
                      00040           
000020                00041 NOT 
000020 5003           00042         MOVF    DATOA,W
000022 1C03           00043         COMF    DATOA,W
                      00044         
000024 5004           00045         MOVF    DATOB,W
000026 1C04           00046         COMF    DATOB,W
                      00047         
000028                00048 INCREMENTO 
000028 5003           00049         MOVF    DATOA,W
00002A 2803           00050         INCF    DATOA,W
                      00051         
00002C                00052 DECREMENTO 
00002C 5004           00053         MOVF    DATOB,W
MPASM 5.87                   PRACTICA1.2.ASM   3-5-2023  14:58:28         PAGE  2


LOC  OBJECT CODE     LINE SOURCE TEXT
  VALUE

00002E 0404           00054         DECF    DATOB,W
                      00055         
000030                00056 ROTAR_IZQ_DA
000030 5003           00057         MOVF    DATOA,W
000032 4403           00058         RLNCF   DATOA,W
000034 6E05           00059         MOVWF   RIZQ
                      00060         
000036                00061 ROTAR_DER_DB
000036 5004           00062         MOVF    DATOB,W
000038 4004           00063         RRNCF   DATOB,W
00003A 6E06           00064         MOVWF   RDER
                      00065         
00003C                00066 SWAPF_DATOB
00003C 5004           00067         MOVF    DATOB,W
00003E 3804           00068         SWAPF   DATOB,W
                      00069         
000040                00070 SETF_
000040 6803           00071         SETF    DATOA
                      00072         
000042 6804           00073         SETF    DATOB
Warning[203]: Found opcode in column 1. (GOTO)
000044 EF?? F???      00074 GOTO MAIN       
Warning[205]: Found directive in column 1. (END)
                      00075 END
MPASM 5.87                   PRACTICA1.2.ASM   3-5-2023  14:58:28         PAGE  3


SYMBOL TABLE
  LABEL                             VALUE 

AND                               00000014
DATOA                             00000003
DATOB                             00000004
DECREMENTO                        0000002C
INCREMENTO                        00000028
MAIN                              00000000
MULTIPLICACION                    00000010
NOT                               00000020
OR                                00000018
RDER                              00000006
RESTA                             0000000C
RIZQ                              00000005
ROTAR_DER_DB                      00000036
ROTAR_IZQ_DA                      00000030
SETF_                             00000040
SUMA                              00000008
SWAPF_DATOB                       0000003C
XOR                               0000001C
__18F4550                         00000001
__DEBUG                           
__MPLAB_DEBUGGER_SIMULATOR        1

Errors   :     0
Warnings :     2 reported,     0 suppressed
Messages :     0 reported,     0 suppressed

